SF:lib\shared\widgets\select\select.dart
DA:11,1
DA:16,1
DA:18,1
DA:19,1
DA:23,1
DA:24,1
DA:25,1
DA:32,1
DA:34,1
DA:36,1
DA:38,3
DA:39,1
DA:40,3
DA:41,4
DA:42,1
DA:43,1
DA:44,1
DA:45,4
DA:46,1
DA:48,1
DA:52,1
DA:53,1
DA:54,2
DA:55,1
DA:57,1
DA:58,1
DA:59,1
DA:60,1
DA:61,1
DA:69,1
DA:79,1
LF:31
LH:31
end_of_record
SF:lib\shared\widgets\select\utils\select_mixin.dart
DA:5,1
DA:6,2
DA:9,1
DA:10,2
LF:4
LH:4
end_of_record
SF:lib\shared\utils\app_colors.dart
DA:4,0
DA:5,0
DA:6,0
DA:7,0
DA:8,0
DA:9,0
DA:10,0
DA:11,0
DA:12,0
DA:13,0
DA:14,0
DA:15,2
DA:16,2
LF:13
LH:2
end_of_record
